c:\users\admin pc\desktop\hf\gbc\.sem4\advancegraphics\directx-master\project1\project1\x64\debug\vc142.pdb
c:\users\admin pc\desktop\hf\gbc\.sem4\advancegraphics\directx-master\project1\project1\x64\debug\vc142.idb
c:\users\admin pc\desktop\hf\gbc\.sem4\advancegraphics\directx-master\project1\project1\x64\debug\triangle0.obj
c:\users\admin pc\desktop\hf\gbc\.sem4\advancegraphics\directx-master\project1\project1\x64\debug\mathhelper.obj
c:\users\admin pc\desktop\hf\gbc\.sem4\advancegraphics\directx-master\project1\project1\x64\debug\geometrygenerator.obj
c:\users\admin pc\desktop\hf\gbc\.sem4\advancegraphics\directx-master\project1\project1\x64\debug\gametimer.obj
c:\users\admin pc\desktop\hf\gbc\.sem4\advancegraphics\directx-master\project1\project1\x64\debug\ddstextureloader.obj
c:\users\admin pc\desktop\hf\gbc\.sem4\advancegraphics\directx-master\project1\project1\x64\debug\d3dutil.obj
c:\users\admin pc\desktop\hf\gbc\.sem4\advancegraphics\directx-master\project1\project1\x64\debug\d3dapp.obj
c:\users\admin pc\desktop\hf\gbc\.sem4\advancegraphics\directx-master\project1\project1\x64\debug\camera.obj
c:\users\admin pc\desktop\hf\gbc\.sem4\advancegraphics\directx-master\project1\x64\debug\ps.cso
c:\users\admin pc\desktop\hf\gbc\.sem4\advancegraphics\directx-master\project1\x64\debug\vs.cso
c:\users\admin pc\desktop\hf\gbc\.sem4\advancegraphics\directx-master\project1\x64\debug\project1.ilk
c:\users\admin pc\desktop\hf\gbc\.sem4\advancegraphics\directx-master\project1\x64\debug\project1.exe
c:\users\admin pc\desktop\hf\gbc\.sem4\advancegraphics\directx-master\project1\x64\debug\project1.pdb
c:\users\admin pc\desktop\hf\gbc\.sem4\advancegraphics\directx-master\project1\project1\x64\debug\project1.tlog\cl.command.1.tlog
c:\users\admin pc\desktop\hf\gbc\.sem4\advancegraphics\directx-master\project1\project1\x64\debug\project1.tlog\cl.read.1.tlog
c:\users\admin pc\desktop\hf\gbc\.sem4\advancegraphics\directx-master\project1\project1\x64\debug\project1.tlog\cl.write.1.tlog
c:\users\admin pc\desktop\hf\gbc\.sem4\advancegraphics\directx-master\project1\project1\x64\debug\project1.tlog\fxc.command.1.tlog
c:\users\admin pc\desktop\hf\gbc\.sem4\advancegraphics\directx-master\project1\project1\x64\debug\project1.tlog\fxc.read.1.tlog
c:\users\admin pc\desktop\hf\gbc\.sem4\advancegraphics\directx-master\project1\project1\x64\debug\project1.tlog\fxc.write.1.tlog
c:\users\admin pc\desktop\hf\gbc\.sem4\advancegraphics\directx-master\project1\project1\x64\debug\project1.tlog\link.command.1.tlog
c:\users\admin pc\desktop\hf\gbc\.sem4\advancegraphics\directx-master\project1\project1\x64\debug\project1.tlog\link.read.1.tlog
c:\users\admin pc\desktop\hf\gbc\.sem4\advancegraphics\directx-master\project1\project1\x64\debug\project1.tlog\link.write.1.tlog
